<?xml version="1.0" encoding="UTF-8"?>
<!-- Generated by org.testng.reporters.JUnitReportReporter -->
<testsuite hostname="DESKTOP-CS3HI2C" failures="0" tests="2" name="com.telran.tests.bookStore.LoginTests" time="40.303" errors="0" timestamp="2022-11-01T10:29:07 MEZ" skipped="0">
  <testcase classname="com.telran.tests.bookStore.LoginTests" name="loginPositiveParametersTest" time="24.517"/>
  <system-out/>
  <testcase classname="com.telran.tests.bookStore.LoginTests" name="loginPositiveTest" time="15.786"/>
  <system-out/>
</testsuite> <!-- com.telran.tests.bookStore.LoginTests -->
