<?xml version="1.0" encoding="UTF-8"?>
<!-- Generated by org.testng.reporters.JUnitReportReporter -->
<testsuite hostname="DESKTOP-CS3HI2C" failures="0" tests="2" name="com.telran.tests.bookStore.SearchBookTests" time="22.699" errors="0" timestamp="2022-11-01T23:25:11 MEZ" skipped="0">
  <testcase classname="com.telran.tests.bookStore.SearchBookTests" name="testngSearchBookPositiveTest" time="11.739"/>
  <system-out/>
  <testcase classname="com.telran.tests.bookStore.SearchBookTests" name="searchBookPositiveTest" time="10.960"/>
  <system-out/>
</testsuite> <!-- com.telran.tests.bookStore.SearchBookTests -->
